{"/home/admin1/Documents/jest_poc/react-project-poc/src/App.css": {"path":"/home/admin1/Documents/jest_poc/react-project-poc/src/App.css","statementMap":{"0":{"start":{"line":1,"column":0},"end":{"line":1,"column":19}}},"fnMap":{},"branchMap":{},"s":{"0":1},"f":{},"b":{},"_coverageSchema":"1a1c01bbd47fc00a2c39e90264f33305004495a9","hash":"5d25fd285a6c227586a46e12776b2254c73c69cc"}
,"/home/admin1/Documents/jest_poc/react-project-poc/src/App.tsx": {"path":"/home/admin1/Documents/jest_poc/react-project-poc/src/App.tsx","statementMap":{"0":{"start":{"line":35,"column":0},"end":{"line":35,"column":15}},"1":{"start":{"line":1,"column":7},"end":{"line":1,"column":null}},"2":{"start":{"line":2,"column":47},"end":{"line":2,"column":null}},"3":{"start":{"line":3,"column":71},"end":{"line":3,"column":null}},"4":{"start":{"line":6,"column":23},"end":{"line":6,"column":null}},"5":{"start":{"line":7,"column":19},"end":{"line":7,"column":null}},"6":{"start":{"line":15,"column":10},"end":{"line":15,"column":null}},"7":{"start":{"line":20,"column":10},"end":{"line":20,"column":null}},"8":{"start":{"line":35,"column":15},"end":{"line":35,"column":null}}},"fnMap":{"0":{"name":"App","decl":{"start":{"line":5,"column":9},"end":{"line":5,"column":null}},"loc":{"start":{"line":5,"column":9},"end":{"line":33,"column":null}}},"1":{"name":"(anonymous_2)","decl":{"start":{"line":14,"column":25},"end":{"line":14,"column":null}},"loc":{"start":{"line":14,"column":25},"end":{"line":16,"column":11}}},"2":{"name":"(anonymous_3)","decl":{"start":{"line":19,"column":25},"end":{"line":19,"column":null}},"loc":{"start":{"line":19,"column":25},"end":{"line":21,"column":11}}}},"branchMap":{},"s":{"0":3,"1":1,"2":1,"3":1,"4":3,"5":3,"6":0,"7":0,"8":1},"f":{"0":3,"1":0,"2":0},"b":{}}
,"/home/admin1/Documents/jest_poc/react-project-poc/src/store/hook.ts": {"path":"/home/admin1/Documents/jest_poc/react-project-poc/src/store/hook.ts","statementMap":{"0":{"start":{"line":5,"column":13},"end":{"line":5,"column":27}},"1":{"start":{"line":7,"column":13},"end":{"line":7,"column":27}},"2":{"start":{"line":1,"column":63},"end":{"line":1,"column":null}},"3":{"start":{"line":5,"column":30},"end":{"line":5,"column":null}},"4":{"start":{"line":5,"column":36},"end":{"line":5,"column":null}},"5":{"start":{"line":7,"column":63},"end":{"line":7,"column":74}}},"fnMap":{"0":{"name":"(anonymous_3)","decl":{"start":{"line":5,"column":30},"end":{"line":5,"column":36}},"loc":{"start":{"line":5,"column":36},"end":{"line":5,"column":null}}}},"branchMap":{},"s":{"0":3,"1":3,"2":1,"3":1,"4":3,"5":1},"f":{"0":3},"b":{}}
,"/home/admin1/Documents/jest_poc/react-project-poc/src/store/store.ts": {"path":"/home/admin1/Documents/jest_poc/react-project-poc/src/store/store.ts","statementMap":{"0":{"start":{"line":69,"column":0},"end":{"line":69,"column":15}},"1":{"start":{"line":67,"column":13},"end":{"line":67,"column":22}},"2":{"start":{"line":58,"column":13},"end":{"line":58,"column":23}},"3":{"start":{"line":43,"column":13},"end":{"line":43,"column":18}},"4":{"start":{"line":6,"column":7},"end":{"line":6,"column":null}},"5":{"start":{"line":16,"column":7},"end":{"line":16,"column":null}},"6":{"start":{"line":17,"column":27},"end":{"line":17,"column":null}},"7":{"start":{"line":18,"column":23},"end":{"line":18,"column":null}},"8":{"start":{"line":20,"column":20},"end":{"line":22,"column":null}},"9":{"start":{"line":24,"column":30},"end":{"line":32,"column":null}},"10":{"start":{"line":28,"column":2},"end":{"line":30,"column":null}},"11":{"start":{"line":29,"column":4},"end":{"line":29,"column":null}},"12":{"start":{"line":31,"column":2},"end":{"line":31,"column":null}},"13":{"start":{"line":34,"column":24},"end":{"line":34,"column":26}},"14":{"start":{"line":36,"column":22},"end":{"line":39,"column":null}},"15":{"start":{"line":41,"column":25},"end":{"line":41,"column":null}},"16":{"start":{"line":43,"column":21},"end":{"line":52,"column":null}},"17":{"start":{"line":47,"column":4},"end":{"line":51,"column":null}},"18":{"start":{"line":58,"column":26},"end":{"line":65,"column":null}},"19":{"start":{"line":59,"column":2},"end":{"line":64,"column":null}},"20":{"start":{"line":62,"column":6},"end":{"line":62,"column":null}},"21":{"start":{"line":67,"column":25},"end":{"line":67,"column":null}},"22":{"start":{"line":69,"column":15},"end":{"line":69,"column":21}}},"fnMap":{"0":{"name":"(anonymous_6)","decl":{"start":{"line":24,"column":30},"end":{"line":24,"column":null}},"loc":{"start":{"line":26,"column":2},"end":{"line":32,"column":null}}},"1":{"name":"(anonymous_7)","decl":{"start":{"line":45,"column":14},"end":{"line":45,"column":15}},"loc":{"start":{"line":47,"column":4},"end":{"line":51,"column":null}}},"2":{"name":"(anonymous_8)","decl":{"start":{"line":58,"column":26},"end":{"line":58,"column":27}},"loc":{"start":{"line":58,"column":27},"end":{"line":65,"column":null}}},"3":{"name":"(anonymous_9)","decl":{"start":{"line":61,"column":16},"end":{"line":61,"column":17}},"loc":{"start":{"line":62,"column":6},"end":{"line":62,"column":null}}}},"branchMap":{"0":{"loc":{"start":{"line":28,"column":2},"end":{"line":30,"column":null}},"type":"if","locations":[{"start":{"line":28,"column":2},"end":{"line":30,"column":null}}]}},"s":{"0":1,"1":1,"2":2,"3":0,"4":1,"5":1,"6":1,"7":1,"8":1,"9":1,"10":3,"11":0,"12":3,"13":1,"14":1,"15":1,"16":1,"17":1,"18":1,"19":2,"20":2,"21":1,"22":1},"f":{"0":3,"1":1,"2":2,"3":2},"b":{"0":[0]}}
,"/home/admin1/Documents/jest_poc/react-project-poc/src/store/features/count/countSlice.ts": {"path":"/home/admin1/Documents/jest_poc/react-project-poc/src/store/features/count/countSlice.ts","statementMap":{"0":{"start":{"line":34,"column":0},"end":{"line":34,"column":15}},"1":{"start":{"line":9,"column":13},"end":{"line":9,"column":25}},"2":{"start":{"line":27,"column":13},"end":{"line":27,"column":24}},"3":{"start":{"line":29,"column":13},"end":{"line":29,"column":31}},"4":{"start":{"line":26,"column":33},"end":{"line":26,"column":49}},"5":{"start":{"line":26,"column":15},"end":{"line":26,"column":31}},"6":{"start":{"line":1,"column":59},"end":{"line":1,"column":null}},"7":{"start":{"line":9,"column":40},"end":{"line":11,"column":null}},"8":{"start":{"line":13,"column":19},"end":{"line":24,"column":null}},"9":{"start":{"line":18,"column":6},"end":{"line":18,"column":null}},"10":{"start":{"line":21,"column":6},"end":{"line":21,"column":null}},"11":{"start":{"line":26,"column":54},"end":{"line":26,"column":72}},"12":{"start":{"line":27,"column":27},"end":{"line":27,"column":60}},"13":{"start":{"line":27,"column":49},"end":{"line":27,"column":60}},"14":{"start":{"line":29,"column":34},"end":{"line":31,"column":null}},"15":{"start":{"line":31,"column":24},"end":{"line":31,"column":null}},"16":{"start":{"line":34,"column":15},"end":{"line":34,"column":25}}},"fnMap":{"0":{"name":"(anonymous_7)","decl":{"start":{"line":17,"column":4},"end":{"line":17,"column":21}},"loc":{"start":{"line":17,"column":57},"end":{"line":19,"column":null}}},"1":{"name":"(anonymous_8)","decl":{"start":{"line":20,"column":4},"end":{"line":20,"column":21}},"loc":{"start":{"line":20,"column":57},"end":{"line":22,"column":null}}},"2":{"name":"(anonymous_9)","decl":{"start":{"line":27,"column":27},"end":{"line":27,"column":28}},"loc":{"start":{"line":27,"column":49},"end":{"line":27,"column":60}}},"3":{"name":"(anonymous_10)","decl":{"start":{"line":31,"column":2},"end":{"line":31,"column":3}},"loc":{"start":{"line":31,"column":24},"end":{"line":31,"column":null}}}},"branchMap":{},"s":{"0":2,"1":0,"2":0,"3":3,"4":0,"5":0,"6":1,"7":1,"8":1,"9":0,"10":0,"11":1,"12":1,"13":3,"14":1,"15":2,"16":1},"f":{"0":0,"1":0,"2":3,"3":2},"b":{}}
}
