TN:
SF:src/App.css
FNF:0
FNH:0
DA:1,1
LF:1
LH:1
BRF:0
BRH:0
end_of_record
TN:
SF:src/App.tsx
FN:5,App
FN:14,(anonymous_2)
FN:19,(anonymous_3)
FNF:3
FNH:1
FNDA:3,App
FNDA:0,(anonymous_2)
FNDA:0,(anonymous_3)
DA:1,1
DA:2,1
DA:3,1
DA:6,3
DA:7,3
DA:15,0
DA:20,0
DA:35,3
LF:8
LH:6
BRF:0
BRH:0
end_of_record
TN:
SF:src/store/hook.ts
FN:5,(anonymous_3)
FNF:1
FNH:1
FNDA:3,(anonymous_3)
DA:1,1
DA:5,3
DA:7,3
LF:3
LH:3
BRF:0
BRH:0
end_of_record
TN:
SF:src/store/store.ts
FN:24,(anonymous_6)
FN:45,(anonymous_7)
FN:58,(anonymous_8)
FN:61,(anonymous_9)
FNF:4
FNH:4
FNDA:3,(anonymous_6)
FNDA:1,(anonymous_7)
FNDA:2,(anonymous_8)
FNDA:2,(anonymous_9)
DA:6,1
DA:16,1
DA:17,1
DA:18,1
DA:20,1
DA:24,1
DA:28,3
DA:29,0
DA:31,3
DA:34,1
DA:36,1
DA:41,1
DA:43,1
DA:47,1
DA:58,2
DA:59,2
DA:62,2
DA:67,1
DA:69,1
LF:19
LH:18
BRDA:28,0,0,0
BRF:1
BRH:0
end_of_record
TN:
SF:src/store/features/count/countSlice.ts
FN:17,(anonymous_7)
FN:20,(anonymous_8)
FN:27,(anonymous_9)
FN:31,(anonymous_10)
FNF:4
FNH:2
FNDA:0,(anonymous_7)
FNDA:0,(anonymous_8)
FNDA:3,(anonymous_9)
FNDA:2,(anonymous_10)
DA:1,1
DA:9,1
DA:13,1
DA:18,0
DA:21,0
DA:26,1
DA:27,3
DA:29,3
DA:31,2
DA:34,2
LF:10
LH:8
BRF:0
BRH:0
end_of_record
